2022-06-30 13:47:56,584 - root - INFO - --------------------pytest--------------------
2022-06-30 13:47:56,584 - root - INFO - 请求地址：https://way.jd.com/he/freeweather
2022-06-30 13:47:56,584 - root - INFO - 请求参数：{'appkey': '7b95369de74f07e957c9fa01f235748f', 'city': '长沙'}
2022-06-30 13:47:56,585 - root - INFO - 预期结果：查询成功
2022-06-30 13:47:56,585 - root - INFO - --------------------正在获取请求--------------------
2022-06-30 13:47:59,503 - root - INFO - -------------查询成功，响应时间：[2.572833]秒----------------
2022-06-30 13:47:59,503 - root - INFO - ---------------------------------------分割线----------------------------------------
2022-06-30 13:47:59,504 - root - INFO - 请求地址：https://way.jd.com/he/freeweather
2022-06-30 13:47:59,504 - root - INFO - 请求参数：{'appkey': '7b95369de74f07e957c9fa01f235748f', 'city': '北京'}
2022-06-30 13:47:59,504 - root - INFO - 预期结果：查询成功
2022-06-30 13:47:59,504 - root - INFO - --------------------正在获取请求--------------------
2022-06-30 13:47:59,893 - root - INFO - -------------查询成功，响应时间：[0.129049]秒----------------
2022-06-30 13:47:59,893 - root - INFO - ---------------------------------------分割线----------------------------------------
2022-06-30 13:47:59,894 - root - INFO - 请求地址：http://web.juhe.cn/finance/gold/shgold
2022-06-30 13:47:59,894 - root - INFO - 请求参数：{'key': 'f6e597601323c72a62bddaa05ce20d80'}
2022-06-30 13:47:59,894 - root - INFO - 预期结果：SUCCESSED!
2022-06-30 13:47:59,894 - root - INFO - --------------------正在获取请求--------------------
2022-06-30 13:48:00,400 - root - INFO - -------------查询成功，响应时间：[0.346633]秒----------------
2022-06-30 13:48:00,400 - root - INFO - ---------------------------------------分割线----------------------------------------
2022-06-30 13:48:00,400 - root - INFO - --------------------执行完成--------------------
